juncs_db v2.1.1 (ecf7617)
---------------------------
	Loading chr1...done
	Loading chr2...done
	Loading chr3...done
	Loading chr4...done
	Loading chr5...done
	Loading chr6...done
	Loading chr7...done
	Loading chr8...done
	Loading chr9...done
	Loading chr10...done
	Loading chr11...done
	Loading chr12...done
	Loading chr13...done
	Loading chr14...done
	Loading chr15...done
	Loading chr16...done
	Loading chr17...done
	Loading chr18...done
	Loading chr19...done
	Loading chrX...done
	Loading chrY...done
	Loading chrM...done
	Loading NT_053651...done
	Loading NT_072868...done
	Loading NT_109319...done
	Loading NT_110857...done
	Loading NT_112000...done
	Loading NT_161866...done
	Loading NT_161868...done
	Loading NT_161872...done
	Loading NT_161875...done
	Loading NT_161877...done
	Loading NT_161879...done
	Loading NT_161885...done
	Loading NT_161892...done
	Loading NT_161895...done
	Loading NT_161897...done
	Loading NT_161898...done
	Loading NT_161902...done
	Loading NT_161904...done
	Loading NT_161906...done
	Loading NT_161911...done
	Loading NT_161913...done
	Loading NT_161916...done
	Loading NT_161919...done
	Loading NT_161923...done
	Loading NT_161924...done
	Loading NT_161925...done
	Loading NT_161926...done
	Loading NT_161928...done
	Loading NT_161937...done
	Loading NT_162750...done
	Loading NT_165754...done
	Loading NT_165789...done
	Loading NT_165790...done
	Loading NT_165791...done
	Loading NT_165792...done
	Loading NT_165793...done
	Loading NT_165794...done
	Loading NT_165795...done
	Loading NT_165796...done
	Loading NT_165798...done
	Loading NT_166280...done
	Loading NT_166281...done
	Loading NT_166282...done
	Loading NT_166283...done
	Loading NT_166286...done
	Loading NT_166290...done
	Loading NT_166291...done
	Loading NT_166303...done
	Loading NT_166307...done
	Loading NT_166308...done
	Loading NT_166309...done
	Loading NT_166310...done
	Loading NT_166311...done
	Loading NT_166313...done
	Loading NT_166314...done
	Loading NT_166323...done
	Loading NT_166325...done
	Loading NT_166326...done
	Loading NT_166327...done
	Loading NT_166328...done
	Loading NT_166333...done
	Loading NT_166334...done
	Loading NT_166335...done
	Loading NT_166336...done
	Loading NT_166337...done
	Loading NT_166338...done
	Loading NT_166339...done
	Loading NT_166340...done
	Loading NT_166341...done
	Loading NT_166342...done
	Loading NT_166344...done
	Loading NT_166345...done
	Loading NT_166346...done
	Loading NT_166347...done
	Loading NT_166348...done
	Loading NT_166349...done
	Loading NT_166350...done
	Loading NT_166351...done
	Loading NT_166352...done
	Loading NT_166353...done
	Loading NT_166354...done
	Loading NT_166356...done
	Loading NT_166357...done
	Loading NT_166358...done
	Loading NT_166359...done
	Loading NT_166360...done
	Loading NT_166361...done
	Loading NT_166362...done
	Loading NT_166363...done
	Loading NT_166364...done
	Loading NT_166365...done
	Loading NT_166366...done
	Loading NT_166367...done
	Loading NT_166368...done
	Loading NT_166369...done
	Loading NT_166370...done
	Loading NT_166371...done
	Loading NT_166372...done
	Loading NT_166373...done
	Loading NT_166374...done
	Loading NT_166375...done
	Loading NT_166376...done
	Loading NT_166377...done
	Loading NT_166378...done
	Loading NT_166379...done
	Loading NT_166380...done
	Loading NT_166381...done
	Loading NT_166382...done
	Loading NT_166383...done
	Loading NT_166384...done
	Loading NT_166385...done
	Loading NT_166386...done
	Loading NT_166387...done
	Loading NT_166388...done
	Loading NT_166389...done
	Loading NT_166390...done
	Loading NT_166391...done
	Loading NT_166392...done
	Loading NT_166402...done
	Loading NT_166403...done
	Loading NT_166404...done
	Loading NT_166405...done
	Loading NT_166406...done
	Loading NT_166407...done
	Loading NT_166408...done
	Loading NT_166409...done
	Loading NT_166410...done
	Loading NT_166412...done
	Loading NT_166413...done
	Loading NT_166414...done
	Loading NT_166415...done
	Loading NT_166416...done
	Loading NT_166417...done
	Loading NT_166418...done
	Loading NT_166419...done
	Loading NT_166420...done
	Loading NT_166421...done
	Loading NT_166422...done
	Loading NT_166423...done
	Loading NT_166424...done
	Loading NT_166433...done
	Loading NT_166434...done
	Loading NT_166435...done
	Loading NT_166436...done
	Loading NT_166437...done
	Loading NT_166438...done
	Loading NT_166439...done
	Loading NT_166440...done
	Loading NT_166441...done
	Loading NT_166442...done
	Loading NT_166443...done
	Loading NT_166444...done
	Loading NT_166445...done
	Loading NT_166446...done
	Loading NT_166447...done
	Loading NT_166448...done
	Loading NT_166449...done
	Loading NT_166450...done
	Loading NT_166451...done
	Loading NT_166452...done
	Loading NT_166453...done
	Loading NT_166454...done
	Loading NT_166455...done
	Loading NT_166456...done
	Loading NT_166457...done
	Loading NT_166458...done
	Loading NT_166459...done
	Loading NT_166460...done
	Loading NT_166461...done
	Loading NT_166462...done
	Loading NT_166463...done
	Loading NT_166464...done
	Loading NT_166465...done
	Loading NT_166466...done
	Loading NT_166467...done
	Loading NT_166468...done
	Loading NT_166469...done
	Loading NT_166470...done
	Loading NT_166471...done
	Loading NT_166472...done
	Loading NT_166473...done
	Loading NT_166474...done
	Loading NT_166475...done
	Loading NT_166476...done
	Loading NT_166477...done
	Loading NT_166478...done
	Loading NT_166479...done
	Loading NT_166480...done
	Loading NT_166481...done
	Loading ...done
