
[2021-05-07 10:37:11] Beginning TopHat run (v2.1.1)
-----------------------------------------------
[2021-05-07 10:37:11] Checking for Bowtie
		  Bowtie version:	 2.4.2.0
[2021-05-07 10:37:12] Checking for Bowtie index files (genome)..
[2021-05-07 10:37:12] Checking for reference FASTA file
[2021-05-07 10:37:12] Generating SAM header for /project/bf528/project_2/reference/mm9
[2021-05-07 10:37:20] Reading known junctions from GTF file
[2021-05-07 10:37:25] Preparing reads
	 left reads: min. length=40, max. length=40, 21561496 kept reads (16066 discarded)
	right reads: min. length=40, max. length=40, 21347948 kept reads (229614 discarded)
[2021-05-07 10:42:22] Building transcriptome data files /projectnb/bf528/users/dreadlocks/project_5_yu_zhong/result/alignment/P0_1_tophat/tmp/mm9
[2021-05-07 10:42:35] Building Bowtie index from mm9.fa
[2021-05-07 10:50:11] Mapping left_kept_reads to transcriptome mm9 with Bowtie2 
[2021-05-07 10:55:44] Mapping right_kept_reads to transcriptome mm9 with Bowtie2 
[2021-05-07 11:01:13] Resuming TopHat pipeline with unmapped reads
[2021-05-07 11:01:13] Mapping left_kept_reads.m2g_um to genome mm9 with Bowtie2 
[2021-05-07 11:02:17] Mapping left_kept_reads.m2g_um_seg1 to genome mm9 with Bowtie2 (1/2)
[2021-05-07 11:02:35] Mapping left_kept_reads.m2g_um_seg2 to genome mm9 with Bowtie2 (2/2)
[2021-05-07 11:02:55] Mapping right_kept_reads.m2g_um to genome mm9 with Bowtie2 
[2021-05-07 11:04:01] Mapping right_kept_reads.m2g_um_seg1 to genome mm9 with Bowtie2 (1/2)
[2021-05-07 11:04:20] Mapping right_kept_reads.m2g_um_seg2 to genome mm9 with Bowtie2 (2/2)
[2021-05-07 11:04:42] Retrieving sequences for splices
[2021-05-07 11:05:31] Indexing splices
[2021-05-07 11:05:37] Mapping left_kept_reads.m2g_um_seg1 to genome segment_juncs with Bowtie2 (1/2)
[2021-05-07 11:05:41] Mapping left_kept_reads.m2g_um_seg2 to genome segment_juncs with Bowtie2 (2/2)
[2021-05-07 11:05:45] Joining segment hits
[2021-05-07 11:06:43] Mapping right_kept_reads.m2g_um_seg1 to genome segment_juncs with Bowtie2 (1/2)
[2021-05-07 11:06:47] Mapping right_kept_reads.m2g_um_seg2 to genome segment_juncs with Bowtie2 (2/2)
[2021-05-07 11:06:52] Joining segment hits
[2021-05-07 11:07:51] Reporting output tracks
-----------------------------------------------
[2021-05-07 11:21:19] A summary of the alignment counts can be found in /projectnb/bf528/users/dreadlocks/project_5_yu_zhong/result/alignment/P0_1_tophat/align_summary.txt
[2021-05-07 11:21:19] Run complete: 00:44:07 elapsed
